<?xml version="1.0" encoding="UTF-8"?>
<!-- Generated by org.testng.reporters.JUnitReportReporter -->
<testsuite skipped="0" hostname="CND143HVYW" name="com.appium.test.NewTest" tests="3" failures="0" timestamp="2020-12-14T23:54:15 AEDT" time="72.071" errors="0">
  <testcase name="validateLogin" time="32.277" classname="com.appium.test.NewTest"/>
  <system-out/>
  <testcase name="searchProduct" time="21.545" classname="com.appium.test.NewTest"/>
  <system-out/>
  <testcase name="selectProduct" time="18.249" classname="com.appium.test.NewTest"/>
  <system-out/>
</testsuite> <!-- com.appium.test.NewTest -->
